[debug] [2026-04-24T19:39:24.460Z] ----------------------------------------------------------------------
[debug] [2026-04-24T19:39:24.462Z] Command:       C:\Program Files\nodejs\node.exe C:\Users\Prest\AppData\Roaming\npm\node_modules\firebase-tools\lib\bin\firebase.js init hosting
[debug] [2026-04-24T19:39:24.463Z] CLI Version:   15.15.0
[debug] [2026-04-24T19:39:24.463Z] Platform:      win32
[debug] [2026-04-24T19:39:24.463Z] Node Version:  v23.6.1
[debug] [2026-04-24T19:39:24.463Z] Time:          Fri Apr 24 2026 15:39:24 GMT-0400 (Eastern Daylight Time)
[debug] [2026-04-24T19:39:24.463Z] ----------------------------------------------------------------------
[debug] 
[info] 
     ######## #### ########  ######## ########     ###     ######  ########
     ##        ##  ##     ## ##       ##     ##  ##   ##  ##       ##
     ######    ##  ########  ######   ########  #########  ######  ######
     ##        ##  ##    ##  ##       ##     ## ##     ##       ## ##
     ##       #### ##     ## ######## ########  ##     ##  ######  ########

You're about to initialize a Firebase project in this directory:

  C:\Users\Prest\Downloads\ASE485_Capstone-main\ASE485_Capstone-main\src

[info] 
=== Project Setup
[info] 
[info] First, let's associate this project directory with a Firebase project.
[info] You can create multiple project aliases by running firebase use --add, 
[info] 
[debug] [2026-04-24T19:39:34.394Z] > command requires scopes: ["email","openid","https://www.googleapis.com/auth/cloudplatformprojects.readonly","https://www.googleapis.com/auth/firebase","https://www.googleapis.com/auth/cloud-platform"]
[debug] [2026-04-24T19:39:34.395Z] > authorizing via signed-in user (BookCenter0@outlook.com)
[debug] [2026-04-24T19:39:34.397Z] Checked if tokens are valid: false, expires at: 1777042565817
[debug] [2026-04-24T19:39:34.397Z] Checked if tokens are valid: false, expires at: 1777042565817
[debug] [2026-04-24T19:39:34.397Z] > refreshing access token with scopes: []
[debug] [2026-04-24T19:39:34.404Z] >>> [apiv2][query] POST https://www.googleapis.com/oauth2/v3/token [none]
[debug] [2026-04-24T19:39:34.404Z] >>> [apiv2][body] POST https://www.googleapis.com/oauth2/v3/token [omitted]
[debug] [2026-04-24T19:39:34.603Z] <<< [apiv2][status] POST https://www.googleapis.com/oauth2/v3/token 200
[debug] [2026-04-24T19:39:34.603Z] <<< [apiv2][body] POST https://www.googleapis.com/oauth2/v3/token [omitted]
[debug] [2026-04-24T19:39:34.611Z] >>> [apiv2][query] GET https://firebase.googleapis.com/v1beta1/projects pageSize=100
[debug] [2026-04-24T19:39:35.016Z] <<< [apiv2][status] GET https://firebase.googleapis.com/v1beta1/projects 200
[debug] [2026-04-24T19:39:35.016Z] <<< [apiv2][body] GET https://firebase.googleapis.com/v1beta1/projects [omitted]
[info] 
=== Hosting Setup
[debug] [2026-04-24T19:39:38.009Z] Checked if tokens are valid: true, expires at: 1777063173603
[debug] [2026-04-24T19:39:38.009Z] Checked if tokens are valid: true, expires at: 1777063173603
[debug] [2026-04-24T19:39:38.009Z] >>> [apiv2][query] GET https://firebase.googleapis.com/v1beta1/projects/book-center-official [none]
[debug] [2026-04-24T19:39:38.223Z] <<< [apiv2][status] GET https://firebase.googleapis.com/v1beta1/projects/book-center-official 200
[debug] [2026-04-24T19:39:38.224Z] <<< [apiv2][body] GET https://firebase.googleapis.com/v1beta1/projects/book-center-official {"projectId":"book-center-official","projectNumber":"643017020575","displayName":"Book Center Official","name":"projects/book-center-official","resources":{"hostingSite":"book-center-official"},"state":"ACTIVE","etag":"1_25b7c52f-0eee-416c-90d3-7c9fb6cbda0e"}
[info] 
[info] Your public directory is the folder (relative to your project directory) that
[info] will contain Hosting assets to be uploaded with firebase deploy. If you
[info] have a build process for your assets, use your build's output directory.
[info] 
[debug] [2026-04-24T19:41:00.422Z] ExitPromptError: User force closed the prompt with SIGINT
    at Interface.sigint (C:\Users\Prest\AppData\Roaming\npm\node_modules\firebase-tools\node_modules\@inquirer\core\dist\commonjs\lib\create-prompt.js:101:37)
    at Interface.emit (node:events:507:28)
    at [_ttyWrite] [as _ttyWrite] (node:internal/readline/interface:1125:18)
    at ReadStream.onkeypress (node:internal/readline/interface:264:20)
    at ReadStream.emit (node:events:519:35)
    at emitKeys (node:internal/readline/utils:370:14)
    at emitKeys.next (<anonymous>)
    at ReadStream.onData (node:internal/readline/emitKeypressEvents:64:36)
    at ReadStream.emit (node:events:507:28)
    at addChunk (node:internal/streams/readable:559:12)
[error] 
[error] Error: An unexpected error has occurred.
[debug] [2026-04-24T19:41:03.760Z] ----------------------------------------------------------------------
[debug] [2026-04-24T19:41:03.764Z] Command:       C:\Program Files\nodejs\node.exe C:\Users\Prest\AppData\Roaming\npm\node_modules\firebase-tools\lib\bin\firebase.js init hosting
[debug] [2026-04-24T19:41:03.765Z] CLI Version:   15.15.0
[debug] [2026-04-24T19:41:03.765Z] Platform:      win32
[debug] [2026-04-24T19:41:03.765Z] Node Version:  v23.6.1
[debug] [2026-04-24T19:41:03.765Z] Time:          Fri Apr 24 2026 15:41:03 GMT-0400 (Eastern Daylight Time)
[debug] [2026-04-24T19:41:03.765Z] ----------------------------------------------------------------------
[debug] 
[info] 
     ######## #### ########  ######## ########     ###     ######  ########
     ##        ##  ##     ## ##       ##     ##  ##   ##  ##       ##
     ######    ##  ########  ######   ########  #########  ######  ######
     ##        ##  ##    ##  ##       ##     ## ##     ##       ## ##
     ##       #### ##     ## ######## ########  ##     ##  ######  ########

You're about to initialize a Firebase project in this directory:

  C:\Users\Prest\Downloads\ASE485_Capstone-main\ASE485_Capstone-main\src

[info] 
=== Project Setup
[info] 
[info] First, let's associate this project directory with a Firebase project.
[info] You can create multiple project aliases by running firebase use --add, 
[info] 
[debug] [2026-04-24T19:41:06.610Z] > command requires scopes: ["email","openid","https://www.googleapis.com/auth/cloudplatformprojects.readonly","https://www.googleapis.com/auth/firebase","https://www.googleapis.com/auth/cloud-platform"]
[debug] [2026-04-24T19:41:06.610Z] > authorizing via signed-in user (BookCenter0@outlook.com)
[debug] [2026-04-24T19:41:06.611Z] Checked if tokens are valid: true, expires at: 1777063173603
[debug] [2026-04-24T19:41:06.611Z] Checked if tokens are valid: true, expires at: 1777063173603
[debug] [2026-04-24T19:41:06.612Z] >>> [apiv2][query] GET https://firebase.googleapis.com/v1beta1/projects/book-center-official [none]
[debug] [2026-04-24T19:41:06.999Z] <<< [apiv2][status] GET https://firebase.googleapis.com/v1beta1/projects/book-center-official 200
[debug] [2026-04-24T19:41:06.999Z] <<< [apiv2][body] GET https://firebase.googleapis.com/v1beta1/projects/book-center-official {"projectId":"book-center-official","projectNumber":"643017020575","displayName":"Book Center Official","name":"projects/book-center-official","resources":{"hostingSite":"book-center-official"},"state":"ACTIVE","etag":"1_25b7c52f-0eee-416c-90d3-7c9fb6cbda0e"}
[info] i  Using project book-center-official (Book Center Official) . 
[info] 
=== Hosting Setup
[debug] [2026-04-24T19:41:07.411Z] Checked if tokens are valid: true, expires at: 1777063173603
[debug] [2026-04-24T19:41:07.411Z] Checked if tokens are valid: true, expires at: 1777063173603
[debug] [2026-04-24T19:41:07.411Z] >>> [apiv2][query] GET https://firebase.googleapis.com/v1beta1/projects/book-center-official [none]
[debug] [2026-04-24T19:41:07.606Z] <<< [apiv2][status] GET https://firebase.googleapis.com/v1beta1/projects/book-center-official 200
[debug] [2026-04-24T19:41:07.606Z] <<< [apiv2][body] GET https://firebase.googleapis.com/v1beta1/projects/book-center-official {"projectId":"book-center-official","projectNumber":"643017020575","displayName":"Book Center Official","name":"projects/book-center-official","resources":{"hostingSite":"book-center-official"},"state":"ACTIVE","etag":"1_25b7c52f-0eee-416c-90d3-7c9fb6cbda0e"}
[info] 
[info] Your public directory is the folder (relative to your project directory) that
[info] will contain Hosting assets to be uploaded with firebase deploy. If you
[info] have a build process for your assets, use your build's output directory.
[info] 
